-------------------------------
v. 2023-10-07

Install the following Python package:

tensorflow
SimpleITK
tetgen
meshlib
stardist
stardist-napari

Install python3-open-cv

-------------------------------
v. 2023-09-11

Install the following Python package:

vtk

-------------------------------
v. 2023-07-16

Move to software with GUI to linuxserver/webtop 

Install the following Python package:

aicsimageio

-------------------------------
v. 20230629

Docker container from jupyter/base-notebook:python-3.10.6

Python packages added:

lckr-jupyterlab-variableinspector
numpy
matplotlib
pandas
seaborn
napari[all]
scikit-image